<?xml version="1.0" encoding="utf-8"?><testsuites><testsuite errors="0" failures="0" hostname="Samsung" name="pytest" skipped="0" tests="4" time="7.108" timestamp="2020-05-16T18:34:22.166258"><testcase classname="test_submit" file="test_submit.py" line="3" name="test_q1" time="0.060"></testcase><testcase classname="test_submit" file="test_submit.py" line="8" name="test_q2" time="0.066"></testcase><testcase classname="test_submit" file="test_submit.py" line="13" name="test_q3" time="0.114"></testcase><testcase classname="test_submit" file="test_submit.py" line="18" name="test_q4" time="0.520"></testcase></testsuite></testsuites>